{"/Users/amitkumar/Desktop/CardGameProject/src/reducers/CardReducer/actions.ts": {"path":"/Users/amitkumar/Desktop/CardGameProject/src/reducers/CardReducer/actions.ts","statementMap":{"0":{"start":{"line":3,"column":25},"end":{"line":3,"column":41}},"1":{"start":{"line":4,"column":28},"end":{"line":4,"column":47}},"2":{"start":{"line":5,"column":28},"end":{"line":5,"column":47}},"3":{"start":{"line":6,"column":25},"end":{"line":6,"column":41}},"4":{"start":{"line":26,"column":27},"end":{"line":28,"column":2}},"5":{"start":{"line":26,"column":47},"end":{"line":28,"column":1}},"6":{"start":{"line":30,"column":22},"end":{"line":33,"column":2}},"7":{"start":{"line":30,"column":52},"end":{"line":33,"column":1}},"8":{"start":{"line":35,"column":27},"end":{"line":37,"column":2}},"9":{"start":{"line":35,"column":47},"end":{"line":37,"column":1}}},"fnMap":{"0":{"name":"(anonymous_0)","decl":{"start":{"line":26,"column":27},"end":{"line":26,"column":28}},"loc":{"start":{"line":26,"column":47},"end":{"line":28,"column":1}},"line":26},"1":{"name":"(anonymous_1)","decl":{"start":{"line":30,"column":22},"end":{"line":30,"column":23}},"loc":{"start":{"line":30,"column":52},"end":{"line":33,"column":1}},"line":30},"2":{"name":"(anonymous_2)","decl":{"start":{"line":35,"column":27},"end":{"line":35,"column":28}},"loc":{"start":{"line":35,"column":47},"end":{"line":37,"column":1}},"line":35}},"branchMap":{},"s":{"0":2,"1":2,"2":2,"3":2,"4":2,"5":2,"6":2,"7":2,"8":2,"9":2},"f":{"0":2,"1":2,"2":2},"b":{},"_coverageSchema":"1a1c01bbd47fc00a2c39e90264f33305004495a9","hash":"96a9be571a5a887ea0ed51c7291ec2e27ed9727e"}
,"/Users/amitkumar/Desktop/CardGameProject/src/reducers/CardReducer/index.ts": {"path":"/Users/amitkumar/Desktop/CardGameProject/src/reducers/CardReducer/index.ts","statementMap":{"0":{"start":{"line":5,"column":41},"end":{"line":5,"column":58}},"1":{"start":{"line":7,"column":19},"end":{"line":21,"column":1}},"2":{"start":{"line":8,"column":2},"end":{"line":20,"column":3}},"3":{"start":{"line":10,"column":6},"end":{"line":10,"column":49}},"4":{"start":{"line":13,"column":6},"end":{"line":13,"column":36}},"5":{"start":{"line":16,"column":6},"end":{"line":16,"column":31}},"6":{"start":{"line":19,"column":6},"end":{"line":19,"column":19}}},"fnMap":{"0":{"name":"(anonymous_0)","decl":{"start":{"line":7,"column":19},"end":{"line":7,"column":20}},"loc":{"start":{"line":7,"column":91},"end":{"line":21,"column":1}},"line":7}},"branchMap":{"0":{"loc":{"start":{"line":7,"column":20},"end":{"line":7,"column":53}},"type":"default-arg","locations":[{"start":{"line":7,"column":41},"end":{"line":7,"column":53}}],"line":7},"1":{"loc":{"start":{"line":8,"column":2},"end":{"line":20,"column":3}},"type":"switch","locations":[{"start":{"line":9,"column":4},"end":{"line":10,"column":49}},{"start":{"line":12,"column":4},"end":{"line":13,"column":36}},{"start":{"line":15,"column":4},"end":{"line":16,"column":31}},{"start":{"line":18,"column":4},"end":{"line":19,"column":19}}],"line":8}},"s":{"0":1,"1":1,"2":4,"3":1,"4":1,"5":1,"6":1},"f":{"0":4},"b":{"0":[1],"1":[1,1,1,1]},"_coverageSchema":"1a1c01bbd47fc00a2c39e90264f33305004495a9","hash":"c252723351b899c34f78f3563548a64b3ed439a4"}
,"/Users/amitkumar/Desktop/CardGameProject/src/utils/Card.ts": {"path":"/Users/amitkumar/Desktop/CardGameProject/src/utils/Card.ts","statementMap":{"0":{"start":{"line":4,"column":25},"end":{"line":4,"column":26}},"1":{"start":{"line":6,"column":27},"end":{"line":13,"column":1}},"2":{"start":{"line":7,"column":22},"end":{"line":7,"column":41}},"3":{"start":{"line":8,"column":26},"end":{"line":8,"column":66}},"4":{"start":{"line":9,"column":2},"end":{"line":12,"column":6}},"5":{"start":{"line":9,"column":41},"end":{"line":12,"column":3}},"6":{"start":{"line":15,"column":31},"end":{"line":24,"column":1}},"7":{"start":{"line":16,"column":2},"end":{"line":23,"column":4}},"8":{"start":{"line":26,"column":28},"end":{"line":40,"column":1}},"9":{"start":{"line":27,"column":2},"end":{"line":39,"column":4}},"10":{"start":{"line":30,"column":6},"end":{"line":33,"column":8}},"11":{"start":{"line":42,"column":31},"end":{"line":71,"column":1}},"12":{"start":{"line":43,"column":20},"end":{"line":43,"column":25}},"13":{"start":{"line":44,"column":25},"end":{"line":44,"column":85}},"14":{"start":{"line":44,"column":55},"end":{"line":44,"column":84}},"15":{"start":{"line":45,"column":18},"end":{"line":45,"column":47}},"16":{"start":{"line":46,"column":23},"end":{"line":48,"column":3}},"17":{"start":{"line":50,"column":2},"end":{"line":69,"column":3}},"18":{"start":{"line":51,"column":25},"end":{"line":58,"column":6}},"19":{"start":{"line":52,"column":22},"end":{"line":52,"column":81}},"20":{"start":{"line":53,"column":6},"end":{"line":57,"column":8}},"21":{"start":{"line":59,"column":4},"end":{"line":59,"column":38}},"22":{"start":{"line":61,"column":28},"end":{"line":61,"column":63}},"23":{"start":{"line":61,"column":49},"end":{"line":61,"column":62}},"24":{"start":{"line":62,"column":4},"end":{"line":68,"column":5}},"25":{"start":{"line":63,"column":6},"end":{"line":67,"column":8}},"26":{"start":{"line":70,"column":2},"end":{"line":70,"column":22}}},"fnMap":{"0":{"name":"(anonymous_0)","decl":{"start":{"line":6,"column":27},"end":{"line":6,"column":28}},"loc":{"start":{"line":6,"column":45},"end":{"line":13,"column":1}},"line":6},"1":{"name":"(anonymous_1)","decl":{"start":{"line":9,"column":29},"end":{"line":9,"column":30}},"loc":{"start":{"line":9,"column":41},"end":{"line":12,"column":3}},"line":9},"2":{"name":"(anonymous_2)","decl":{"start":{"line":15,"column":31},"end":{"line":15,"column":32}},"loc":{"start":{"line":15,"column":68},"end":{"line":24,"column":1}},"line":15},"3":{"name":"(anonymous_3)","decl":{"start":{"line":26,"column":28},"end":{"line":26,"column":29}},"loc":{"start":{"line":26,"column":68},"end":{"line":40,"column":1}},"line":26},"4":{"name":"(anonymous_4)","decl":{"start":{"line":29,"column":27},"end":{"line":29,"column":28}},"loc":{"start":{"line":29,"column":43},"end":{"line":34,"column":5}},"line":29},"5":{"name":"(anonymous_5)","decl":{"start":{"line":42,"column":31},"end":{"line":42,"column":32}},"loc":{"start":{"line":42,"column":55},"end":{"line":71,"column":1}},"line":42},"6":{"name":"(anonymous_6)","decl":{"start":{"line":44,"column":39},"end":{"line":44,"column":40}},"loc":{"start":{"line":44,"column":55},"end":{"line":44,"column":84}},"line":44},"7":{"name":"(anonymous_7)","decl":{"start":{"line":51,"column":35},"end":{"line":51,"column":36}},"loc":{"start":{"line":51,"column":51},"end":{"line":58,"column":5}},"line":51},"8":{"name":"(anonymous_8)","decl":{"start":{"line":61,"column":39},"end":{"line":61,"column":40}},"loc":{"start":{"line":61,"column":49},"end":{"line":61,"column":62}},"line":61}},"branchMap":{"0":{"loc":{"start":{"line":15,"column":32},"end":{"line":15,"column":63}},"type":"default-arg","locations":[{"start":{"line":15,"column":47},"end":{"line":15,"column":63}}],"line":15},"1":{"loc":{"start":{"line":32,"column":17},"end":{"line":32,"column":51}},"type":"binary-expr","locations":[{"start":{"line":32,"column":17},"end":{"line":32,"column":29}},{"start":{"line":32,"column":33},"end":{"line":32,"column":51}}],"line":32},"2":{"loc":{"start":{"line":44,"column":55},"end":{"line":44,"column":84}},"type":"binary-expr","locations":[{"start":{"line":44,"column":55},"end":{"line":44,"column":67}},{"start":{"line":44,"column":71},"end":{"line":44,"column":84}}],"line":44},"3":{"loc":{"start":{"line":50,"column":2},"end":{"line":69,"column":3}},"type":"if","locations":[{"start":{"line":50,"column":2},"end":{"line":69,"column":3}},{"start":{"line":50,"column":2},"end":{"line":69,"column":3}}],"line":50},"4":{"loc":{"start":{"line":50,"column":6},"end":{"line":50,"column":20}},"type":"binary-expr","locations":[{"start":{"line":50,"column":6},"end":{"line":50,"column":11}},{"start":{"line":50,"column":15},"end":{"line":50,"column":20}}],"line":50},"5":{"loc":{"start":{"line":52,"column":22},"end":{"line":52,"column":81}},"type":"binary-expr","locations":[{"start":{"line":52,"column":22},"end":{"line":52,"column":29}},{"start":{"line":52,"column":34},"end":{"line":52,"column":55}},{"start":{"line":52,"column":59},"end":{"line":52,"column":80}}],"line":52},"6":{"loc":{"start":{"line":55,"column":17},"end":{"line":55,"column":40}},"type":"binary-expr","locations":[{"start":{"line":55,"column":17},"end":{"line":55,"column":29}},{"start":{"line":55,"column":33},"end":{"line":55,"column":40}}],"line":55},"7":{"loc":{"start":{"line":56,"column":17},"end":{"line":56,"column":40}},"type":"binary-expr","locations":[{"start":{"line":56,"column":17},"end":{"line":56,"column":29}},{"start":{"line":56,"column":33},"end":{"line":56,"column":40}}],"line":56},"8":{"loc":{"start":{"line":62,"column":4},"end":{"line":68,"column":5}},"type":"if","locations":[{"start":{"line":62,"column":4},"end":{"line":68,"column":5}},{"start":{"line":62,"column":4},"end":{"line":68,"column":5}}],"line":62}},"s":{"0":3,"1":3,"2":8,"3":8,"4":8,"5":56,"6":3,"7":7,"8":3,"9":8,"10":26,"11":3,"12":5,"13":5,"14":20,"15":5,"16":5,"17":5,"18":3,"19":16,"20":16,"21":3,"22":2,"23":3,"24":2,"25":1,"26":5},"f":{"0":8,"1":56,"2":7,"3":8,"4":26,"5":5,"6":20,"7":16,"8":3},"b":{"0":[3],"1":[26,23],"2":[20,10],"3":[3,2],"4":[5,4],"5":[16,4,2],"6":[16,16],"7":[16,16],"8":[1,1]},"_coverageSchema":"1a1c01bbd47fc00a2c39e90264f33305004495a9","hash":"1ff843a3d971cc6da890f2def9883ef46cd3a52d"}
,"/Users/amitkumar/Desktop/CardGameProject/src/utils/index.ts": {"path":"/Users/amitkumar/Desktop/CardGameProject/src/utils/index.ts","statementMap":{"0":{"start":{"line":1,"column":28},"end":{"line":5,"column":1}},"1":{"start":{"line":2,"column":2},"end":{"line":2,"column":23}},"2":{"start":{"line":3,"column":2},"end":{"line":3,"column":24}},"3":{"start":{"line":4,"column":2},"end":{"line":4,"column":59}},"4":{"start":{"line":7,"column":29},"end":{"line":17,"column":1}},"5":{"start":{"line":8,"column":32},"end":{"line":8,"column":34}},"6":{"start":{"line":9,"column":2},"end":{"line":15,"column":3}},"7":{"start":{"line":9,"column":15},"end":{"line":9,"column":16}},"8":{"start":{"line":10,"column":25},"end":{"line":10,"column":45}},"9":{"start":{"line":11,"column":4},"end":{"line":13,"column":5}},"10":{"start":{"line":12,"column":6},"end":{"line":12,"column":36}},"11":{"start":{"line":14,"column":4},"end":{"line":14,"column":29}},"12":{"start":{"line":16,"column":2},"end":{"line":16,"column":21}},"13":{"start":{"line":19,"column":23},"end":{"line":26,"column":1}},"14":{"start":{"line":20,"column":17},"end":{"line":20,"column":38}},"15":{"start":{"line":21,"column":2},"end":{"line":24,"column":3}},"16":{"start":{"line":21,"column":15},"end":{"line":21,"column":32}},"17":{"start":{"line":22,"column":17},"end":{"line":22,"column":52}},"18":{"start":{"line":23,"column":4},"end":{"line":23,"column":58}},"19":{"start":{"line":25,"column":2},"end":{"line":25,"column":16}}},"fnMap":{"0":{"name":"(anonymous_0)","decl":{"start":{"line":1,"column":28},"end":{"line":1,"column":29}},"loc":{"start":{"line":1,"column":58},"end":{"line":5,"column":1}},"line":1},"1":{"name":"(anonymous_1)","decl":{"start":{"line":7,"column":29},"end":{"line":7,"column":30}},"loc":{"start":{"line":7,"column":58},"end":{"line":17,"column":1}},"line":7},"2":{"name":"(anonymous_2)","decl":{"start":{"line":19,"column":23},"end":{"line":19,"column":24}},"loc":{"start":{"line":19,"column":42},"end":{"line":26,"column":1}},"line":19}},"branchMap":{},"s":{"0":3,"1":35,"2":35,"3":35,"4":3,"5":9,"6":9,"7":9,"8":32,"9":32,"10":2,"11":32,"12":9,"13":3,"14":9,"15":9,"16":9,"17":51,"18":51,"19":9},"f":{"0":35,"1":9,"2":9},"b":{},"_coverageSchema":"1a1c01bbd47fc00a2c39e90264f33305004495a9","hash":"0cd652065a0ed3718c30b87fd4cfb77400f25899"}
}
