TN:
SF:src/reducers/CardReducer/actions.ts
FN:26,(anonymous_0)
FN:30,(anonymous_1)
FN:35,(anonymous_2)
FNF:3
FNH:3
FNDA:2,(anonymous_0)
FNDA:2,(anonymous_1)
FNDA:2,(anonymous_2)
DA:3,2
DA:4,2
DA:5,2
DA:6,2
DA:26,2
DA:30,2
DA:35,2
LF:7
LH:7
BRF:0
BRH:0
end_of_record
TN:
SF:src/reducers/CardReducer/index.ts
FN:7,(anonymous_0)
FNF:1
FNH:1
FNDA:4,(anonymous_0)
DA:5,1
DA:7,1
DA:8,4
DA:10,1
DA:13,1
DA:16,1
DA:19,1
LF:7
LH:7
BRDA:7,0,0,1
BRDA:8,1,0,1
BRDA:8,1,1,1
BRDA:8,1,2,1
BRDA:8,1,3,1
BRF:5
BRH:5
end_of_record
TN:
SF:src/utils/Card.ts
FN:6,(anonymous_0)
FN:9,(anonymous_1)
FN:15,(anonymous_2)
FN:26,(anonymous_3)
FN:29,(anonymous_4)
FN:42,(anonymous_5)
FN:44,(anonymous_6)
FN:51,(anonymous_7)
FN:61,(anonymous_8)
FNF:9
FNH:9
FNDA:8,(anonymous_0)
FNDA:56,(anonymous_1)
FNDA:7,(anonymous_2)
FNDA:8,(anonymous_3)
FNDA:26,(anonymous_4)
FNDA:5,(anonymous_5)
FNDA:20,(anonymous_6)
FNDA:16,(anonymous_7)
FNDA:3,(anonymous_8)
DA:4,3
DA:6,3
DA:7,8
DA:8,8
DA:9,56
DA:15,3
DA:16,7
DA:26,3
DA:27,8
DA:30,26
DA:42,3
DA:43,5
DA:44,20
DA:45,5
DA:46,5
DA:50,5
DA:51,3
DA:52,16
DA:53,16
DA:59,3
DA:61,3
DA:62,2
DA:63,1
DA:70,5
LF:24
LH:24
BRDA:15,0,0,3
BRDA:32,1,0,26
BRDA:32,1,1,23
BRDA:44,2,0,20
BRDA:44,2,1,10
BRDA:50,3,0,3
BRDA:50,3,1,2
BRDA:50,4,0,5
BRDA:50,4,1,4
BRDA:52,5,0,16
BRDA:52,5,1,4
BRDA:52,5,2,2
BRDA:55,6,0,16
BRDA:55,6,1,16
BRDA:56,7,0,16
BRDA:56,7,1,16
BRDA:62,8,0,1
BRDA:62,8,1,1
BRF:18
BRH:18
end_of_record
TN:
SF:src/utils/index.ts
FN:1,(anonymous_0)
FN:7,(anonymous_1)
FN:19,(anonymous_2)
FNF:3
FNH:3
FNDA:35,(anonymous_0)
FNDA:9,(anonymous_1)
FNDA:9,(anonymous_2)
DA:1,3
DA:2,35
DA:3,35
DA:4,35
DA:7,3
DA:8,9
DA:9,9
DA:10,32
DA:11,32
DA:12,2
DA:14,32
DA:16,9
DA:19,3
DA:20,9
DA:21,9
DA:22,51
DA:23,51
DA:25,9
LF:18
LH:18
BRF:0
BRH:0
end_of_record
